<?xml version="1.0" encoding="UTF-8" ?>
<testsuite tests="57" failures="0" name="br.com.contmatic.model.empresa.EmpresaTest" time="3.398" errors="0" skipped="0">
  <properties>
    <property name="java.runtime.name" value="Java(TM) SE Runtime Environment"/>
    <property name="sun.boot.library.path" value="C:\Program Files\Java\jdk1.8.0_241\jre\bin"/>
    <property name="java.vm.version" value="25.241-b07"/>
    <property name="java.vm.vendor" value="Oracle Corporation"/>
    <property name="maven.multiModuleProjectDirectory" value="C:\Users\Main\git\projeto"/>
    <property name="java.vendor.url" value="http://java.oracle.com/"/>
    <property name="path.separator" value=";"/>
    <property name="guice.disable.misplaced.annotation.check" value="true"/>
    <property name="java.vm.name" value="Java HotSpot(TM) 64-Bit Server VM"/>
    <property name="file.encoding.pkg" value="sun.io"/>
    <property name="user.script" value=""/>
    <property name="user.country" value="BR"/>
    <property name="sun.java.launcher" value="SUN_STANDARD"/>
    <property name="sun.os.patch.level" value=""/>
    <property name="java.vm.specification.name" value="Java Virtual Machine Specification"/>
    <property name="user.dir" value="C:\Users\Main\git\projeto"/>
    <property name="java.runtime.version" value="1.8.0_241-b07"/>
    <property name="java.awt.graphicsenv" value="sun.awt.Win32GraphicsEnvironment"/>
    <property name="java.endorsed.dirs" value="C:\Program Files\Java\jdk1.8.0_241\jre\lib\endorsed"/>
    <property name="os.arch" value="amd64"/>
    <property name="java.io.tmpdir" value="C:\Users\Main\AppData\Local\Temp\"/>
    <property name="line.separator" value="
"/>
    <property name="java.vm.specification.vendor" value="Oracle Corporation"/>
    <property name="user.variant" value=""/>
    <property name="os.name" value="Windows 10"/>
    <property name="classworlds.conf" value="C:\Users\Main\Documents\projeto\.metadata\.plugins\org.eclipse.m2e.launching\launches\m2conf194335567595631873.tmp"/>
    <property name="jansi.force" value="true"/>
    <property name="sun.jnu.encoding" value="Cp1252"/>
    <property name="java.library.path" value="C:\Program Files\Java\jdk1.8.0_241\bin;C:\WINDOWS\Sun\Java\bin;C:\WINDOWS\system32;C:\WINDOWS;C:\Python27\;C:\Python27\Scripts;C:\Program Files (x86)\Common Files\Oracle\Java\javapath;C:\WINDOWS\system32;C:\WINDOWS;C:\WINDOWS\System32\Wbem;C:\WINDOWS\System32\WindowsPowerShell\v1.0\;C:\WINDOWS\System32\OpenSSH\;C:\Program Files\Java\jdk1.8.0_241\bin;C:\Program Files\Git\cmd;C:\Program Files\nodejs\;C:\ProgramData\chocolatey\bin;C:\Users\Main\AppData\Local\Microsoft\WindowsApps;C:\Users\Main\AppData\Local\Programs\Microsoft VS Code\bin;C:\Users\Main\AppData\Roaming\npm;."/>
    <property name="jansi.passthrough" value="true"/>
    <property name="java.specification.name" value="Java Platform API Specification"/>
    <property name="java.class.version" value="52.0"/>
    <property name="sun.management.compiler" value="HotSpot 64-Bit Tiered Compilers"/>
    <property name="os.version" value="10.0"/>
    <property name="user.home" value="C:\Users\Main"/>
    <property name="user.timezone" value="America/Sao_Paulo"/>
    <property name="java.awt.printerjob" value="sun.awt.windows.WPrinterJob"/>
    <property name="java.specification.version" value="1.8"/>
    <property name="file.encoding" value="UTF-8"/>
    <property name="user.name" value="Main"/>
    <property name="java.class.path" value="C:\Program Files\sts-4.5.0.RELEASE\plugins\org.eclipse.m2e.maven.runtime_1.14.0.20191209-1923\jars\plexus-classworlds-2.6.0.jar"/>
    <property name="java.vm.specification.version" value="1.8"/>
    <property name="sun.arch.data.model" value="64"/>
    <property name="java.home" value="C:\Program Files\Java\jdk1.8.0_241\jre"/>
    <property name="sun.java.command" value="org.codehaus.plexus.classworlds.launcher.Launcher -B install -Dstyle.color=always"/>
    <property name="java.specification.vendor" value="Oracle Corporation"/>
    <property name="user.language" value="pt"/>
    <property name="awt.toolkit" value="sun.awt.windows.WToolkit"/>
    <property name="java.vm.info" value="mixed mode"/>
    <property name="java.version" value="1.8.0_241"/>
    <property name="java.ext.dirs" value="C:\Program Files\Java\jdk1.8.0_241\jre\lib\ext;C:\WINDOWS\Sun\Java\lib\ext"/>
    <property name="sun.boot.class.path" value="C:\Program Files\Java\jdk1.8.0_241\jre\lib\resources.jar;C:\Program Files\Java\jdk1.8.0_241\jre\lib\rt.jar;C:\Program Files\Java\jdk1.8.0_241\jre\lib\sunrsasign.jar;C:\Program Files\Java\jdk1.8.0_241\jre\lib\jsse.jar;C:\Program Files\Java\jdk1.8.0_241\jre\lib\jce.jar;C:\Program Files\Java\jdk1.8.0_241\jre\lib\charsets.jar;C:\Program Files\Java\jdk1.8.0_241\jre\lib\jfr.jar;C:\Program Files\Java\jdk1.8.0_241\jre\classes"/>
    <property name="java.vendor" value="Oracle Corporation"/>
    <property name="maven.home" value="C:\Users\Main\git\projeto\EMBEDDED"/>
    <property name="style.color" value="always"/>
    <property name="file.separator" value="\"/>
    <property name="java.vendor.url.bug" value="http://bugreport.sun.com/bugreport/"/>
    <property name="sun.cpu.endian" value="little"/>
    <property name="sun.io.unicode.encoding" value="UnicodeLittle"/>
    <property name="sun.desktop" value="windows"/>
    <property name="sun.cpu.isalist" value="amd64"/>
  </properties>
  <testcase classname="br.com.contmatic.model.empresa.EmpresaTest" name="nao_deve_aceitar_responsaveis_vazio" time="0.16"/>
  <testcase classname="br.com.contmatic.model.empresa.EmpresaTest" name="deve_aceitar_contas_nao_vazio_sem_elemento_nulo_apenas_elemento_valido" time="0.195"/>
  <testcase classname="br.com.contmatic.model.empresa.EmpresaTest" name="nao_deve_aceitar_contratosTrabalho_com_pelo_menos_um_elemento_nulo" time="0.089"/>
  <testcase classname="br.com.contmatic.model.empresa.EmpresaTest" name="deve_aceitar_contratosTrabalho_valido" time="0.135"/>
  <testcase classname="br.com.contmatic.model.empresa.EmpresaTest" name="deve_aceitar_telefonesFixo_valido" time="0.096"/>
  <testcase classname="br.com.contmatic.model.empresa.EmpresaTest" name="nao_deve_aceitar_valor_vazio_no_razaoSocial" time="0.047"/>
  <testcase classname="br.com.contmatic.model.empresa.EmpresaTest" name="nao_deve_aceitar_contratosTrabalho_com_elemento_invalido" time="0.042"/>
  <testcase classname="br.com.contmatic.model.empresa.EmpresaTest" name="deve_aceitar_responsaveis_valido" time="0.092"/>
  <testcase classname="br.com.contmatic.model.empresa.EmpresaTest" name="deve_aceitar_tipoPorteEmpresa_nao_nulo" time="0.058"/>
  <testcase classname="br.com.contmatic.model.empresa.EmpresaTest" name="verifica_consistencia_da_implementacao_do_metodo_equals_de_acordo_com_a_regra_estabelecida_de_comparacao" time="0.407"/>
  <testcase classname="br.com.contmatic.model.empresa.EmpresaTest" name="deve_aceitar_tipoEmpresa_nao_nulo" time="0.064"/>
  <testcase classname="br.com.contmatic.model.empresa.EmpresaTest" name="nao_deve_aceitar_responsaveis_nulo" time="0.042"/>
  <testcase classname="br.com.contmatic.model.empresa.EmpresaTest" name="nao_deve_aceitar_contas_com_elemento_invalido" time="0.045"/>
  <testcase classname="br.com.contmatic.model.empresa.EmpresaTest" name="nao_deve_aceitar_emails_com_pelo_menos_um_elemento_nulo" time="0.035"/>
  <testcase classname="br.com.contmatic.model.empresa.EmpresaTest" name="nao_deve_aceitar_responsaveis_com_elemento_invalido" time="0.051"/>
  <testcase classname="br.com.contmatic.model.empresa.EmpresaTest" name="nao_deve_aceitar_celulares_com_pelo_menos_um_elemento_nulo" time="0.063"/>
  <testcase classname="br.com.contmatic.model.empresa.EmpresaTest" name="nao_deve_aceitar_valor_com_espaco_no_inicio_no_razaoSocial" time="0.055"/>
  <testcase classname="br.com.contmatic.model.empresa.EmpresaTest" name="nao_deve_aceitar_contas_com_pelo_menos_um_elemento_nulo" time="0.05"/>
  <testcase classname="br.com.contmatic.model.empresa.EmpresaTest" name="nao_deve_aceitar_dataAbertura_nulo" time="0.061"/>
  <testcase classname="br.com.contmatic.model.empresa.EmpresaTest" name="nao_deve_aceitar_cnpj_com_segundo_digito_verificador_invalido" time="0.035"/>
  <testcase classname="br.com.contmatic.model.empresa.EmpresaTest" name="deve_aceitar_emails_valido" time="0.092"/>
  <testcase classname="br.com.contmatic.model.empresa.EmpresaTest" name="nao_deve_aceitar_enderecos_vazio" time="0.058"/>
  <testcase classname="br.com.contmatic.model.empresa.EmpresaTest" name="nao_deve_aceitar_valor_maior_que_tamanho_no_razaoSocial" time="0.07"/>
  <testcase classname="br.com.contmatic.model.empresa.EmpresaTest" name="deve_aceitar_dataNascimento_valida" time="0.053"/>
  <testcase classname="br.com.contmatic.model.empresa.EmpresaTest" name="nao_deve_aceitar_responsaveis_com_pelo_menos_um_elemento_nulo" time="0.051"/>
  <testcase classname="br.com.contmatic.model.empresa.EmpresaTest" name="nao_deve_aceitar_valor_com_dois_espacos_juntos_no_razaoSocial" time="0.062"/>
  <testcase classname="br.com.contmatic.model.empresa.EmpresaTest" name="nao_deve_aceitar_contratosTrabalho_nulo" time="0.048"/>
  <testcase classname="br.com.contmatic.model.empresa.EmpresaTest" name="nao_deve_aceitar_emails_nulo" time="0.048"/>
  <testcase classname="br.com.contmatic.model.empresa.EmpresaTest" name="nao_deve_aceitar_valor_maior_que_tamanho_no_cnpj" time="0.035"/>
  <testcase classname="br.com.contmatic.model.empresa.EmpresaTest" name="nao_deve_aceitar_enderecos_nulo" time="0.032"/>
  <testcase classname="br.com.contmatic.model.empresa.EmpresaTest" name="metodo_toString_deve_gerar_representacao_do_objeto_em_json_com_todos_os_atributos_da_classe" time="0.013"/>
  <testcase classname="br.com.contmatic.model.empresa.EmpresaTest" name="deve_aceitar_enderecos_valido" time="0.065"/>
  <testcase classname="br.com.contmatic.model.empresa.EmpresaTest" name="deve_aceitar_razaoSocial_valido" time="0.05"/>
  <testcase classname="br.com.contmatic.model.empresa.EmpresaTest" name="nao_deve_aceitar_cnpj_com_primeiro_digito_verificador_invalido" time="0.045"/>
  <testcase classname="br.com.contmatic.model.empresa.EmpresaTest" name="nao_deve_aceitar_dataAbertura_futura" time="0.036"/>
  <testcase classname="br.com.contmatic.model.empresa.EmpresaTest" name="deve_aceitar_celulares_valido" time="0.07"/>
  <testcase classname="br.com.contmatic.model.empresa.EmpresaTest" name="nao_deve_aceitar_valor_com_apenas_numeros_repetidos_no_cnpj" time="0.031"/>
  <testcase classname="br.com.contmatic.model.empresa.EmpresaTest" name="deve_aceitar_cnpj_valido" time="0.031"/>
  <testcase classname="br.com.contmatic.model.empresa.EmpresaTest" name="nao_deve_aceitar_celulares_com_elemento_invalido" time="0.034"/>
  <testcase classname="br.com.contmatic.model.empresa.EmpresaTest" name="nao_deve_aceitar_telefonesFixo_com_pelo_menos_um_elemento_nulo" time="0.028"/>
  <testcase classname="br.com.contmatic.model.empresa.EmpresaTest" name="nao_deve_aceitar_valor_com_apenas_espaco_no_fim_no_razaoSocial" time="0.032"/>
  <testcase classname="br.com.contmatic.model.empresa.EmpresaTest" name="nao_deve_aceitar_valor_com_apenas_espaco_no_razaoSocial" time="0.043"/>
  <testcase classname="br.com.contmatic.model.empresa.EmpresaTest" name="nao_deve_aceitar_emails_com_elemento_invalido" time="0.047"/>
  <testcase classname="br.com.contmatic.model.empresa.EmpresaTest" name="nao_deve_aceitar_tipoEmpresa_nulo" time="0.05"/>
  <testcase classname="br.com.contmatic.model.empresa.EmpresaTest" name="nao_deve_aceitar_enderecos_com_pelo_menos_um_elemento_nulo" time="0.046"/>
  <testcase classname="br.com.contmatic.model.empresa.EmpresaTest" name="nao_deve_aceitar_valor_nulo_no_cnpj" time="0.045"/>
  <testcase classname="br.com.contmatic.model.empresa.EmpresaTest" name="nao_deve_aceitar_valor_com_um_caractere_invalido_no_cnpj" time="0.044"/>
  <testcase classname="br.com.contmatic.model.empresa.EmpresaTest" name="nao_deve_aceitar_valor_nulo_no_razaoSocial" time="0.045"/>
  <testcase classname="br.com.contmatic.model.empresa.EmpresaTest" name="nao_deve_aceitar_tipoPorteEmpresa_nulo" time="0.042"/>
  <testcase classname="br.com.contmatic.model.empresa.EmpresaTest" name="deve_possuir_getters_e_setters_implmentados_corretamente" time="0.006"/>
  <testcase classname="br.com.contmatic.model.empresa.EmpresaTest" name="nao_deve_aceitar_valor_com_um_caractere_nao_letra_no_razaoSocial" time="0.043"/>
  <testcase classname="br.com.contmatic.model.empresa.EmpresaTest" name="nao_deve_aceitar_valor_menor_que_tamanho_no_cnpj" time="0.029"/>
  <testcase classname="br.com.contmatic.model.empresa.EmpresaTest" name="nao_deve_aceitar_celulares_nulo" time="0.028"/>
  <testcase classname="br.com.contmatic.model.empresa.EmpresaTest" name="nao_deve_aceitar_telefonesFixo_com_elemento_invalido" time="0.033"/>
  <testcase classname="br.com.contmatic.model.empresa.EmpresaTest" name="nao_deve_aceitar_contas_nulo" time="0.028"/>
  <testcase classname="br.com.contmatic.model.empresa.EmpresaTest" name="nao_deve_aceitar_enderecos_com_elemento_invalido" time="0.029"/>
  <testcase classname="br.com.contmatic.model.empresa.EmpresaTest" name="nao_deve_aceitar_telefonesFixo_nulo" time="0.034"/>
</testsuite>