<?xml version="1.0" encoding="UTF-8" ?>
<testsuite tests="21" failures="0" name="br.com.contmatic.repository.empresa.EmpresaRepositoryTest" time="165.346" errors="0" skipped="0">
  <properties>
    <property name="java.runtime.name" value="Java(TM) SE Runtime Environment"/>
    <property name="sun.boot.library.path" value="C:\Program Files\Java\jdk1.8.0_241\jre\bin"/>
    <property name="java.vm.version" value="25.241-b07"/>
    <property name="java.vm.vendor" value="Oracle Corporation"/>
    <property name="maven.multiModuleProjectDirectory" value="C:\Users\Main\git\projeto"/>
    <property name="java.vendor.url" value="http://java.oracle.com/"/>
    <property name="path.separator" value=";"/>
    <property name="guice.disable.misplaced.annotation.check" value="true"/>
    <property name="java.vm.name" value="Java HotSpot(TM) 64-Bit Server VM"/>
    <property name="file.encoding.pkg" value="sun.io"/>
    <property name="user.script" value=""/>
    <property name="user.country" value="BR"/>
    <property name="sun.java.launcher" value="SUN_STANDARD"/>
    <property name="sun.os.patch.level" value=""/>
    <property name="java.vm.specification.name" value="Java Virtual Machine Specification"/>
    <property name="user.dir" value="C:\Users\Main\git\projeto"/>
    <property name="java.runtime.version" value="1.8.0_241-b07"/>
    <property name="java.awt.graphicsenv" value="sun.awt.Win32GraphicsEnvironment"/>
    <property name="java.endorsed.dirs" value="C:\Program Files\Java\jdk1.8.0_241\jre\lib\endorsed"/>
    <property name="os.arch" value="amd64"/>
    <property name="java.io.tmpdir" value="C:\Users\Main\AppData\Local\Temp\"/>
    <property name="line.separator" value="
"/>
    <property name="java.vm.specification.vendor" value="Oracle Corporation"/>
    <property name="user.variant" value=""/>
    <property name="os.name" value="Windows 10"/>
    <property name="classworlds.conf" value="C:\Users\Main\Documents\projeto\.metadata\.plugins\org.eclipse.m2e.launching\launches\m2conf431140213887988015.tmp"/>
    <property name="jansi.force" value="true"/>
    <property name="sun.jnu.encoding" value="Cp1252"/>
    <property name="java.library.path" value="C:\Program Files\Java\jdk1.8.0_241\bin;C:\WINDOWS\Sun\Java\bin;C:\WINDOWS\system32;C:\WINDOWS;C:\Python27\;C:\Python27\Scripts;C:\Program Files (x86)\Common Files\Oracle\Java\javapath;C:\WINDOWS\system32;C:\WINDOWS;C:\WINDOWS\System32\Wbem;C:\WINDOWS\System32\WindowsPowerShell\v1.0\;C:\WINDOWS\System32\OpenSSH\;C:\Program Files\Java\jdk1.8.0_241\bin;C:\Program Files\Git\cmd;C:\Program Files\nodejs\;C:\ProgramData\chocolatey\bin;C:\Users\Main\AppData\Local\Microsoft\WindowsApps;C:\Users\Main\AppData\Local\Programs\Microsoft VS Code\bin;C:\Users\Main\AppData\Roaming\npm;."/>
    <property name="jansi.passthrough" value="true"/>
    <property name="java.specification.name" value="Java Platform API Specification"/>
    <property name="java.class.version" value="52.0"/>
    <property name="sun.management.compiler" value="HotSpot 64-Bit Tiered Compilers"/>
    <property name="os.version" value="10.0"/>
    <property name="user.home" value="C:\Users\Main"/>
    <property name="user.timezone" value="America/Sao_Paulo"/>
    <property name="java.awt.printerjob" value="sun.awt.windows.WPrinterJob"/>
    <property name="java.specification.version" value="1.8"/>
    <property name="file.encoding" value="UTF-8"/>
    <property name="user.name" value="Main"/>
    <property name="java.class.path" value="C:\Program Files\sts-4.5.0.RELEASE\plugins\org.eclipse.m2e.maven.runtime_1.14.0.20191209-1923\jars\plexus-classworlds-2.6.0.jar"/>
    <property name="java.vm.specification.version" value="1.8"/>
    <property name="sun.arch.data.model" value="64"/>
    <property name="java.home" value="C:\Program Files\Java\jdk1.8.0_241\jre"/>
    <property name="sun.java.command" value="org.codehaus.plexus.classworlds.launcher.Launcher -B install -Dstyle.color=always"/>
    <property name="java.specification.vendor" value="Oracle Corporation"/>
    <property name="user.language" value="pt"/>
    <property name="awt.toolkit" value="sun.awt.windows.WToolkit"/>
    <property name="java.vm.info" value="mixed mode"/>
    <property name="java.version" value="1.8.0_241"/>
    <property name="java.ext.dirs" value="C:\Program Files\Java\jdk1.8.0_241\jre\lib\ext;C:\WINDOWS\Sun\Java\lib\ext"/>
    <property name="sun.boot.class.path" value="C:\Program Files\Java\jdk1.8.0_241\jre\lib\resources.jar;C:\Program Files\Java\jdk1.8.0_241\jre\lib\rt.jar;C:\Program Files\Java\jdk1.8.0_241\jre\lib\sunrsasign.jar;C:\Program Files\Java\jdk1.8.0_241\jre\lib\jsse.jar;C:\Program Files\Java\jdk1.8.0_241\jre\lib\jce.jar;C:\Program Files\Java\jdk1.8.0_241\jre\lib\charsets.jar;C:\Program Files\Java\jdk1.8.0_241\jre\lib\jfr.jar;C:\Program Files\Java\jdk1.8.0_241\jre\classes"/>
    <property name="java.vendor" value="Oracle Corporation"/>
    <property name="maven.home" value="C:\Users\Main\git\projeto\EMBEDDED"/>
    <property name="style.color" value="always"/>
    <property name="file.separator" value="\"/>
    <property name="java.vendor.url.bug" value="http://bugreport.sun.com/bugreport/"/>
    <property name="sun.cpu.endian" value="little"/>
    <property name="sun.io.unicode.encoding" value="UnicodeLittle"/>
    <property name="sun.desktop" value="windows"/>
    <property name="sun.cpu.isalist" value="amd64"/>
  </properties>
  <testcase classname="br.com.contmatic.repository.empresa.EmpresaRepositoryTest" name="com_parametros_inteiros_p_e_n_deve_ler_n_empresas_apos_pular_as_p_primeiras" time="18.688"/>
  <testcase classname="br.com.contmatic.repository.empresa.EmpresaRepositoryTest" name="deve_ler_uma_empresa_integralmente_pelo_seu_cnpj" time="7.4"/>
  <testcase classname="br.com.contmatic.repository.empresa.EmpresaRepositoryTest" name="ao_substituir_pelo_cnpj_uma_empresa_na_collection_nao_deve_alterar_a_collection_caso_as_empresas_tenham_todos_os_campos_iguais" time="6.499"/>
  <testcase classname="br.com.contmatic.repository.empresa.EmpresaRepositoryTest" name="deve_trazer_conjunto_vazio_caso_nao_haja_empresa_com_o_tipoEmpresa_procurado" time="6.625"/>
  <testcase classname="br.com.contmatic.repository.empresa.EmpresaRepositoryTest" name="deve_retornar_false_caso_nao_haja_empresa_armazenada_com_o_cnpj_especificado" time="7.565"/>
  <testcase classname="br.com.contmatic.repository.empresa.EmpresaRepositoryTest" name="deve_considerar_o_campo_cnpj_como_chave_primaria" time="6.176"/>
  <testcase classname="br.com.contmatic.repository.empresa.EmpresaRepositoryTest" name="ao_substituir_pelo_cnpj_uma_empresa_na_collection_deve_desaparecer_o_registro_da_empresa_desatualizada_caso_sejam_diferentes" time="7.454"/>
  <testcase classname="br.com.contmatic.repository.empresa.EmpresaRepositoryTest" name="deve_deletar_a_empresa_especificada_pelo_cnpj" time="8.509"/>
  <testcase classname="br.com.contmatic.repository.empresa.EmpresaRepositoryTest" name="deve_retornar_true_caso_haja_empresa_armazenada_com_o_cnpj_especificado" time="6.537"/>
  <testcase classname="br.com.contmatic.repository.empresa.EmpresaRepositoryTest" name="quando_substituir_procurando_pelo_cnpj_nao_deve_alterar_a_collection_caso_nao_haja_o_cnpj_especificado_na_mesma" time="6.608"/>
  <testcase classname="br.com.contmatic.repository.empresa.EmpresaRepositoryTest" name="deve_ler_os_campos_cnpj_e_razaoSocial_e_dataAbertura_na_ordem_alfabetica_da_razaoSocial_das_empresas_filtradas_pelo_campo_tipoPorteEmpresa" time="9.466"/>
  <testcase classname="br.com.contmatic.repository.empresa.EmpresaRepositoryTest" name="deve_salvar_uma_empresa_mantendo_a_integridade_dos_dados" time="6.481"/>
  <testcase classname="br.com.contmatic.repository.empresa.EmpresaRepositoryTest" name="deve_trazer_conjunto_vazio_caso_nao_haja_empresa_independente_dos_valores_dos_inteiros_colocados_nos_parametros" time="6.07"/>
  <testcase classname="br.com.contmatic.repository.empresa.EmpresaRepositoryTest" name="deve_trazer_o_numero_de_empresas_armazenadas_na_collection" time="6.285"/>
  <testcase classname="br.com.contmatic.repository.empresa.EmpresaRepositoryTest" name="deve_ler_os_campos_cnpj_e_razaoSocial_e_dataAbertura_na_ordem_alfabetica_da_razaoSocial_das_empresas_filtradas_pelo_campo_tipoEmpresa" time="9.307"/>
  <testcase classname="br.com.contmatic.repository.empresa.EmpresaRepositoryTest" name="ao_substituir_pelo_cnpj_uma_empresa_na_collection_deve_armazenar_o_registro_da_empresa_atualizada" time="9.499"/>
  <testcase classname="br.com.contmatic.repository.empresa.EmpresaRepositoryTest" name="deve_trazer_valor_nulo_caso_nao_haja_empresa_com_cnpj_procurado" time="7.095"/>
  <testcase classname="br.com.contmatic.repository.empresa.EmpresaRepositoryTest" name="deve_trazer_zero_caso_nao_haja_empresa_armazenadas_na_collection" time="6.822"/>
  <testcase classname="br.com.contmatic.repository.empresa.EmpresaRepositoryTest" name="deve_trazer_conjunto_vazio_caso_nao_haja_empresa_com_o_tipoPorteEmpresa_procurado" time="7.217"/>
  <testcase classname="br.com.contmatic.repository.empresa.EmpresaRepositoryTest" name="com_parametros_inteiros_0_e_numero_de_empresas_na_collection_deve_ler_todas_as_empresas_armazenadas" time="7.847"/>
  <testcase classname="br.com.contmatic.repository.empresa.EmpresaRepositoryTest" name="quando_deletar_nao_deve_alterar_a_collection_caso_nao_haja_o_cnpj_especificado_na_mesma" time="7.196"/>
</testsuite>